\BOOKMARK [1][-]{Doc-Start}{\376\377\142\245\124\112\144\260\121\231\213\364\146\016}{}% 1
\BOOKMARK [1][-]{section.1}{\376\377\225\356\230\230\143\317\217\360}{}% 2
\BOOKMARK [1][-]{section.2}{\376\377\164\006\213\272\152\041\127\213}{}% 3
\BOOKMARK [2][-]{subsection.2.1}{\376\377\123\237\164\006\122\006\147\220\116\016\213\276\213\241\140\035\215\357}{section.2}% 4
\BOOKMARK [3][-]{subsubsection.2.1.1}{\376\377\214\003\136\105\117\341\123\367\166\204\145\160\133\146\210\150\171\072}{subsection.2.1}% 5
\BOOKMARK [3][-]{subsubsection.2.1.2}{\376\377\166\370\136\162\211\343\214\003\123\237\164\006}{subsection.2.1}% 6
\BOOKMARK [3][-]{subsubsection.2.1.3}{\376\377\230\221\163\207\120\117\135\356\166\204\137\161\124\315}{subsection.2.1}% 7
\BOOKMARK [3][-]{subsubsection.2.1.4}{\376\377\116\214\153\041\211\343\214\003\166\204\213\276\213\241\140\035\215\357}{subsection.2.1}% 8
\BOOKMARK [2][-]{subsection.2.2}{\376\377\145\160\133\146\152\041\127\213}{section.2}% 9
\BOOKMARK [3][-]{subsubsection.2.2.1}{\376\377\117\341\123\367\230\221\214\061\152\041\127\213}{subsection.2.2}% 10
\BOOKMARK [3][-]{subsubsection.2.2.2}{\376\377\156\344\154\342\126\150\213\276\213\241\152\041\127\213}{subsection.2.2}% 11
\BOOKMARK [3][-]{subsubsection.2.2.3}{\376\377\211\343\214\003\217\307\172\013\166\204\145\160\133\146\143\317\217\360}{subsection.2.2}% 12
\BOOKMARK [3][-]{subsubsection.2.2.4}{\376\377\174\373\176\337\162\171\140\047\122\006\147\220}{subsection.2.2}% 13
\BOOKMARK [1][-]{section.3}{\376\377\172\013\136\217\213\276\213\241}{}% 14
\BOOKMARK [2][-]{subsection.3.1}{\376\377\177\026\172\013\140\035\215\357}{section.3}% 15
\BOOKMARK [3][-]{subsubsection.3.1.1}{\376\377\000Q\0001\377\032\230\221\214\061\122\006\147\220\116\016\230\221\163\207\120\117\135\356\117\060\213\241\166\204\177\026\172\013\140\035\215\357}{subsection.3.1}% 16
\BOOKMARK [3][-]{subsubsection.3.1.2}{\376\377\000Q\0002\377\032\156\344\154\342\126\150\213\276\213\241\166\204\177\026\172\013\140\035\215\357}{subsection.3.1}% 17
\BOOKMARK [3][-]{subsubsection.3.1.3}{\376\377\000Q\0003\377\032\145\366\127\337\211\343\214\003\145\271\154\325\166\204\177\026\172\013\140\035\215\357}{subsection.3.1}% 18
\BOOKMARK [3][-]{subsubsection.3.1.4}{\376\377\000Q\0004\377\032\230\221\127\337\211\343\214\003\145\271\154\325\166\204\177\026\172\013\140\035\215\357}{subsection.3.1}% 19
\BOOKMARK [3][-]{subsubsection.3.1.5}{\376\377\172\013\136\217\152\041\127\127\122\022\122\006}{subsection.3.1}% 20
\BOOKMARK [2][-]{subsection.3.2}{\376\377\116\073\211\201\155\101\172\013\126\376\123\312\213\364\146\016}{section.3}% 21
\BOOKMARK [3][-]{subsubsection.3.2.1}{\376\377\000Q\0001\000\040\172\013\136\217\155\101\172\013\126\376}{subsection.3.2}% 22
\BOOKMARK [3][-]{subsubsection.3.2.2}{\376\377\121\163\225\056\121\375\145\160\213\364\146\016}{subsection.3.2}% 23
\BOOKMARK [3][-]{subsubsection.3.2.3}{\376\377\145\160\143\156\176\323\147\204\213\364\146\016}{subsection.3.2}% 24
\BOOKMARK [3][-]{subsubsection.3.2.4}{\376\377\172\013\136\217\142\147\210\114\155\101\172\013\213\364\146\016}{subsection.3.2}% 25
\BOOKMARK [2][-]{subsection.3.3}{\376\377\176\323\147\234\122\006\147\220}{section.3}% 26
\BOOKMARK [3][-]{subsubsection.3.3.1}{\376\377\000Q\0001\000\040\217\320\210\114\176\323\147\234}{subsection.3.3}% 27
\BOOKMARK [3][-]{subsubsection.3.3.2}{\376\377\230\221\214\061\126\376\122\006\147\220}{subsection.3.3}% 28
\BOOKMARK [3][-]{subsubsection.3.3.3}{\376\377\176\323\147\234\232\214\213\301\116\016\213\250\213\272}{subsection.3.3}% 29
\BOOKMARK [3][-]{subsubsection.3.3.4}{\376\377\000Q\0002\000\040\172\013\136\217\155\101\172\013\126\376}{subsection.3.3}% 30
\BOOKMARK [3][-]{subsubsection.3.3.5}{\376\377\000Q\0002\000\040\217\320\210\114\176\323\147\234}{subsection.3.3}% 31
\BOOKMARK [3][-]{subsubsection.3.3.6}{\376\377\230\221\163\207\124\315\136\224\122\006\147\220}{subsection.3.3}% 32
\BOOKMARK [3][-]{subsubsection.3.3.7}{\376\377\156\344\154\342\126\150\213\276\213\241\232\214\213\301}{subsection.3.3}% 33
\BOOKMARK [3][-]{subsubsection.3.3.8}{\376\377\213\276\213\241\145\271\154\325\213\250\213\272}{subsection.3.3}% 34
\BOOKMARK [3][-]{subsubsection.3.3.9}{\376\377\000Q\0003\000\040\172\013\136\217\155\101\172\013\126\376}{subsection.3.3}% 35
\BOOKMARK [3][-]{subsubsection.3.3.10}{\376\377\000Q\0003\000\040\217\320\210\114\176\323\147\234}{subsection.3.3}% 36
\BOOKMARK [3][-]{subsubsection.3.3.11}{\376\377\230\221\214\061\122\006\147\220}{subsection.3.3}% 37
\BOOKMARK [3][-]{subsubsection.3.3.12}{\376\377\230\221\214\061\157\024\123\330\122\006\147\220}{subsection.3.3}% 38
\BOOKMARK [3][-]{subsubsection.3.3.13}{\376\377\174\373\176\337\162\171\140\047\122\006\147\220}{subsection.3.3}% 39
\BOOKMARK [3][-]{subsubsection.3.3.14}{\376\377\211\343\214\003\123\237\164\006\232\214\213\301}{subsection.3.3}% 40
\BOOKMARK [3][-]{subsubsection.3.3.15}{\376\377\156\344\154\342\230\172\136\217\213\250\213\272}{subsection.3.3}% 41
\BOOKMARK [3][-]{subsubsection.3.3.16}{\376\377\116\016\164\006\213\272\166\204\133\371\153\324}{subsection.3.3}% 42
\BOOKMARK [3][-]{subsubsection.3.3.17}{\376\377\000Q\0004\000\040\172\013\136\217\155\101\172\013\126\376}{subsection.3.3}% 43
\BOOKMARK [3][-]{subsubsection.3.3.18}{\376\377\000Q\0004\000\040\217\320\210\114\176\323\147\234}{subsection.3.3}% 44
\BOOKMARK [3][-]{subsubsection.3.3.19}{\376\377\230\221\214\061\122\006\147\220}{subsection.3.3}% 45
\BOOKMARK [3][-]{subsubsection.3.3.20}{\376\377\164\006\140\363\156\344\154\342\126\150\166\204\145\160\133\146\133\236\163\260}{subsection.3.3}% 46
\BOOKMARK [3][-]{subsubsection.3.3.21}{\376\377\000Q\0003\000\040\116\016\000\040\000Q\0004\000\040\133\371\153\324\122\006\147\220}{subsection.3.3}% 47
\BOOKMARK [3][-]{subsubsection.3.3.22}{\376\377\164\006\140\363\156\344\154\342\126\150\166\204\000\040\000G\000i\000b\000b\000s\000\040\163\260\214\141}{subsection.3.3}% 48
\BOOKMARK [3][-]{subsubsection.3.3.23}{\376\377\000I\000I\000R\000\040\156\344\154\342\126\150\166\204\227\136\176\277\140\047\166\370\117\115\131\061\167\037}{subsection.3.3}% 49
\BOOKMARK [3][-]{subsubsection.3.3.24}{\376\377\145\271\154\325\117\030\177\072\160\271\133\371\153\324}{subsection.3.3}% 50
\BOOKMARK [3][-]{subsubsection.3.3.25}{\376\377\176\323\147\234\232\214\213\301\116\016\213\250\213\272}{subsection.3.3}% 51
\BOOKMARK [3][-]{subsubsection.3.3.26}{\376\377\164\006\213\272\116\016\133\236\215\365\166\204\133\371\153\324}{subsection.3.3}% 52
\BOOKMARK [1][-]{section.4}{\376\377\140\073\176\323\116\016\117\123\117\032}{}% 53
\BOOKMARK [2][-]{subsection.4.1}{\376\377\142\200\147\057\145\066\203\267}{section.4}% 54
\BOOKMARK [3][-]{subsubsection.4.1.1}{\376\377\0001\000.\000\040\117\341\123\367\131\004\164\006\164\006\213\272\166\204\155\361\121\145\164\006\211\343}{subsection.4.1}% 55
\BOOKMARK [3][-]{subsubsection.4.1.2}{\376\377\0002\000.\000\040\177\026\172\013\200\375\122\233\166\204\143\320\123\107}{subsection.4.1}% 56
\BOOKMARK [3][-]{subsubsection.4.1.3}{\376\377\0003\000.\000\040\164\006\213\272\116\016\133\236\215\365\166\204\176\323\124\010}{subsection.4.1}% 57
\BOOKMARK [2][-]{subsection.4.2}{\376\377\145\271\154\325\213\272\145\066\203\267}{section.4}% 58
\BOOKMARK [3][-]{subsubsection.4.2.1}{\376\377\0001\000.\000\040\225\356\230\230\122\006\211\343\116\016\152\041\127\127\123\026}{subsection.4.2}% 59
\BOOKMARK [3][-]{subsubsection.4.2.2}{\376\377\0002\000.\000\040\133\371\153\324\116\016\232\214\213\301}{subsection.4.2}% 60
\BOOKMARK [3][-]{subsubsection.4.2.3}{\376\377\0003\000.\000\040\145\207\150\143\116\016\123\357\211\306\123\026}{subsection.4.2}% 61
\BOOKMARK [2][-]{subsection.4.3}{\376\377\133\371\000\040\000A\000M\000\040\211\343\214\003\166\204\155\361\121\145\213\244\213\306}{section.4}% 62
\BOOKMARK [3][-]{subsubsection.4.3.1}{\376\377\0001\000.\000\040\211\343\214\003\166\204\147\054\215\050}{subsection.4.3}% 63
\BOOKMARK [3][-]{subsubsection.4.3.2}{\376\377\0002\000.\000\040\230\221\163\207\120\117\135\356\166\204\137\161\124\315}{subsection.4.3}% 64
\BOOKMARK [3][-]{subsubsection.4.3.3}{\376\377\0003\000.\000\040\145\366\127\337\116\016\230\221\127\337\166\204\220\011\142\351}{subsection.4.3}% 65
\BOOKMARK [2][-]{subsection.4.4}{\376\377\220\107\122\060\166\204\143\021\142\030\116\016\211\343\121\263}{section.4}% 66
\BOOKMARK [3][-]{subsubsection.4.4.1}{\376\377\0001\000.\000\040\000R\000u\000s\000t\000\040\213\355\212\000\166\204\133\146\116\140\146\362\176\277}{subsection.4.4}% 67
\BOOKMARK [3][-]{subsubsection.4.4.2}{\376\377\0002\000.\000\040\000F\000F\000T\000\040\166\204\137\122\116\000\123\026\225\356\230\230}{subsection.4.4}% 68
\BOOKMARK [3][-]{subsubsection.4.4.3}{\376\377\0003\000.\000\040\230\221\163\207\144\054\171\373\166\204\145\271\124\021\225\356\230\230}{subsection.4.4}% 69
\BOOKMARK [3][-]{subsubsection.4.4.4}{\376\377\0004\000.\000\040\232\330\220\032\156\344\154\342\126\150\213\276\213\241\225\031\213\357\166\204\123\321\163\260\116\016\117\356\131\015}{subsection.4.4}% 70
\BOOKMARK [2][-]{subsection.4.5}{\376\377\116\015\215\263\116\016\145\071\217\333\145\271\124\021}{section.4}% 71
\BOOKMARK [3][-]{subsubsection.4.5.1}{\376\377\0001\000.\000\040\156\344\154\342\126\150\226\066\145\160\166\204\117\030\123\026}{subsection.4.5}% 72
\BOOKMARK [3][-]{subsubsection.4.5.2}{\376\377\0002\000.\000\040\133\236\145\366\131\004\164\006\140\047\200\375}{subsection.4.5}% 73
\BOOKMARK [3][-]{subsubsection.4.5.3}{\376\377\0003\000.\000\040\172\227\121\375\145\160\166\204\136\224\165\050}{subsection.4.5}% 74
\BOOKMARK [3][-]{subsubsection.4.5.4}{\376\377\0004\000.\000\040\146\364\131\032\211\343\214\003\145\271\154\325\166\204\133\371\153\324}{subsection.4.5}% 75
\BOOKMARK [3][-]{subsubsection.4.5.5}{\376\377\0005\000.\000\040\142\227\126\152\130\360\140\047\200\375\122\006\147\220}{subsection.4.5}% 76
\BOOKMARK [2][-]{subsection.4.6}{\376\377\133\371\147\052\147\145\133\146\116\140\124\214\135\345\117\134\166\204\124\057\171\072}{section.4}% 77
\BOOKMARK [2][-]{subsection.4.7}{\376\377\133\236\215\365\117\123\117\032}{section.4}% 78
\BOOKMARK [1][-]{subsection.4.7}{\376\377\123\302\200\003\145\207\163\056}{}% 79
\BOOKMARK [1][-]{appendix.A}{\376\377\137\353\220\037\120\205\221\314\123\366\123\330\143\142\377\010\000F\000F\000T\377\011\173\200\116\313}{}% 80
\BOOKMARK [1][-]{appendix.A}{\376\377\226\104\137\125\000A\000\040\137\353\220\037\120\205\221\314\123\366\123\330\143\142\173\200\116\313}{}% 81
\BOOKMARK [2][-]{subsection.A.1}{\376\377\000F\000F\000T\166\204\127\372\147\054\123\237\164\006}{appendix.A}% 82
\BOOKMARK [2][-]{subsection.A.2}{\376\377\000C\000o\000o\000l\000e\000y\000-\000T\000u\000k\000e\000y\173\227\154\325}{appendix.A}% 83
\BOOKMARK [2][-]{subsection.A.3}{\376\377\000F\000F\000T\166\204\140\047\215\050}{appendix.A}% 84
\BOOKMARK [3][-]{subsubsection.A.3.1}{\376\377\0001\000.\000\040\176\277\140\047\140\047\215\050}{subsection.A.3}% 85
\BOOKMARK [3][-]{subsubsection.A.3.2}{\376\377\0002\000.\000\040\145\366\171\373\140\047\215\050}{subsection.A.3}% 86
\BOOKMARK [3][-]{subsubsection.A.3.3}{\376\377\0003\000.\000\040\230\221\171\373\140\047\215\050}{subsection.A.3}% 87
\BOOKMARK [3][-]{subsubsection.A.3.4}{\376\377\0004\000.\000\040\123\167\171\357\133\232\164\006}{subsection.A.3}% 88
\BOOKMARK [3][-]{subsubsection.A.3.5}{\376\377\0005\000.\000\040\000P\000a\000r\000s\000e\000v\000a\000l\133\232\164\006}{subsection.A.3}% 89
\BOOKMARK [2][-]{subsection.A.4}{\376\377\000F\000F\000T\127\050\147\054\230\171\166\356\116\055\166\204\136\224\165\050}{appendix.A}% 90
\BOOKMARK [3][-]{subsubsection.A.4.1}{\376\377\230\221\214\061\122\006\147\220\377\010\000Q\0001\377\011}{subsection.A.4}% 91
\BOOKMARK [3][-]{subsubsection.A.4.2}{\376\377\230\221\127\337\156\344\154\342\377\010\000Q\0004\377\011}{subsection.A.4}% 92
\BOOKMARK [3][-]{subsubsection.A.4.3}{\376\377\230\221\163\207\144\054\171\373\377\010\000Q\0004\377\011}{subsection.A.4}% 93
\BOOKMARK [2][-]{subsection.A.5}{\376\377\000F\000F\000T\133\236\163\260\176\306\202\202}{appendix.A}% 94
\BOOKMARK [3][-]{subsubsection.A.5.1}{\376\377\127\372\000-\0002\000\040\000F\000F\000T}{subsection.A.5}% 95
\BOOKMARK [3][-]{subsubsection.A.5.2}{\376\377\117\115\123\315\217\154\377\010\000B\000i\000t\000-\000R\000e\000v\000e\000r\000s\000a\000l\377\011}{subsection.A.5}% 96
\BOOKMARK [3][-]{subsubsection.A.5.3}{\376\377\123\237\117\115\213\241\173\227\377\010\000I\000n\000-\000P\000l\000a\000c\000e\377\011}{subsection.A.5}% 97
\BOOKMARK [3][-]{subsubsection.A.5.4}{\376\377\137\122\116\000\123\026}{subsection.A.5}% 98
\BOOKMARK [2][-]{subsection.A.6}{\376\377\000F\000F\000T\166\204\117\030\123\026\142\200\135\347}{appendix.A}% 99
\BOOKMARK [3][-]{subsubsection.A.6.1}{\376\377\0001\000.\000\040\000S\000I\000M\000D\124\021\221\317\123\026}{subsection.A.6}% 100
\BOOKMARK [3][-]{subsubsection.A.6.2}{\376\377\0002\000.\000\040\177\023\133\130\117\030\123\026}{subsection.A.6}% 101
\BOOKMARK [3][-]{subsubsection.A.6.3}{\376\377\0003\000.\000\040\155\367\124\010\127\372\000F\000F\000T}{subsection.A.6}% 102
\BOOKMARK [3][-]{subsubsection.A.6.4}{\376\377\0004\000.\000\040\133\236\145\160\000F\000F\000T\117\030\123\026}{subsection.A.6}% 103
\BOOKMARK [1][-]{appendix.B}{\376\377\000B\000u\000t\000t\000e\000r\000w\000o\000r\000t\000h\156\344\154\342\126\150\173\200\116\313}{}% 104
\BOOKMARK [1][-]{appendix.B}{\376\377\226\104\137\125\000B\000\040\000B\000u\000t\000t\000e\000r\000w\000o\000r\000t\000h\156\344\154\342\126\150\173\200\116\313}{}% 105
\BOOKMARK [2][-]{subsection.B.1}{\376\377\000B\000u\000t\000t\000e\000r\000w\000o\000r\000t\000h\156\344\154\342\126\150\166\204\127\372\147\054\151\202\137\365}{appendix.B}% 106
\BOOKMARK [2][-]{subsection.B.2}{\376\377\000B\000u\000t\000t\000e\000r\000w\000o\000r\000t\000h\156\344\154\342\126\150\123\302\145\160\170\156\133\232\123\237\164\006}{appendix.B}% 107
\BOOKMARK [3][-]{subsubsection.B.2.1}{\376\377\213\276\213\241\143\007\150\007}{subsection.B.2}% 108
\BOOKMARK [2][-]{subsection.B.3}{\376\377\152\041\142\337\000B\000u\000t\000t\000e\000r\000w\000o\000r\000t\000h\156\344\154\342\126\150}{appendix.B}% 109
\BOOKMARK [3][-]{subsubsection.B.3.1}{\376\377\136\105\230\221\124\315\136\224}{subsection.B.3}% 110
\BOOKMARK [3][-]{subsubsection.B.3.2}{\376\377\121\163\225\056\162\171\140\047}{subsection.B.3}% 111
\BOOKMARK [3][-]{subsubsection.B.3.3}{\376\377\147\201\160\271\122\006\136\003}{subsection.B.3}% 112
\BOOKMARK [3][-]{subsubsection.B.3.4}{\376\377\117\040\220\022\121\375\145\160}{subsection.B.3}% 113
\BOOKMARK [2][-]{subsection.B.4}{\376\377\145\160\133\127\000B\000u\000t\000t\000e\000r\000w\000o\000r\000t\000h\156\344\154\342\126\150\213\276\213\241}{appendix.B}% 114
\BOOKMARK [3][-]{subsubsection.B.4.1}{\376\377\123\314\176\277\140\047\123\330\143\142\154\325}{subsection.B.4}% 115
\BOOKMARK [3][-]{subsubsection.B.4.2}{\376\377\230\204\165\170\123\330}{subsection.B.4}% 116
\BOOKMARK [3][-]{subsubsection.B.4.3}{\376\377\232\330\220\032\156\344\154\342\126\150\213\276\213\241}{subsection.B.4}% 117
\BOOKMARK [2][-]{subsection.B.5}{\376\377\145\160\133\127\156\344\154\342\126\150\117\040\220\022\121\375\145\160}{appendix.B}% 118
\BOOKMARK [2][-]{subsection.B.6}{\376\377\156\344\154\342\126\150\174\373\145\160\213\241\173\227\143\250\133\374}{appendix.B}% 119
\BOOKMARK [3][-]{subsubsection.B.6.1}{\376\377\153\145\232\244\0001\377\032\213\241\173\227\152\041\142\337\156\344\154\342\126\150\147\201\160\271}{subsection.B.6}% 120
\BOOKMARK [3][-]{subsubsection.B.6.2}{\376\377\153\145\232\244\0002\377\032\230\221\163\207\230\204\165\170\123\330}{subsection.B.6}% 121
\BOOKMARK [3][-]{subsubsection.B.6.3}{\376\377\153\145\232\244\0003\377\032\123\314\176\277\140\047\123\330\143\142}{subsection.B.6}% 122
\BOOKMARK [3][-]{subsubsection.B.6.4}{\376\377\153\145\232\244\0004\377\032\147\204\220\040\116\214\226\066\202\202\377\010\000S\000O\000S\377\011}{subsection.B.6}% 123
\BOOKMARK [3][-]{subsubsection.B.6.5}{\376\377\153\145\232\244\0005\377\032\176\247\200\124\142\100\147\011\116\214\226\066\202\202}{subsection.B.6}% 124
\BOOKMARK [3][-]{subsubsection.B.6.6}{\376\377\153\145\232\244\0006\377\032\137\122\116\000\123\026}{subsection.B.6}% 125
\BOOKMARK [3][-]{subsubsection.B.6.7}{\376\377\153\145\232\244\0007\377\032\230\221\214\061\123\315\217\154\377\010\232\330\220\032\156\344\154\342\126\150\377\011}{subsection.B.6}% 126
\BOOKMARK [3][-]{subsubsection.B.6.8}{\376\377\147\054\230\171\166\356\133\236\226\105\213\241\173\227\171\072\117\213}{subsection.B.6}% 127
\BOOKMARK [2][-]{subsection.B.7}{\376\377\230\221\163\207\124\315\136\224}{appendix.B}% 128
\BOOKMARK [2][-]{subsection.B.8}{\376\377\147\054\230\171\166\356\116\055\166\204\000B\000u\000t\000t\000e\000r\000w\000o\000r\000t\000h\156\344\154\342\126\150}{appendix.B}% 129
\BOOKMARK [3][-]{subsubsection.B.8.1}{\376\377\213\276\213\241\123\302\145\160}{subsection.B.8}% 130
\BOOKMARK [2][-]{subsection.B.9}{\376\377\000I\000I\000R\156\344\154\342\126\150\133\236\163\260}{appendix.B}% 131
\BOOKMARK [3][-]{subsubsection.B.9.1}{\376\377\000D\000i\000r\000e\000c\000t\000\040\000F\000o\000r\000m\000\040\000I\000I\176\323\147\204}{subsection.B.9}% 132
\BOOKMARK [2][-]{subsection.B.10}{\376\377\116\016\121\166\116\326\156\344\154\342\126\150\166\204\153\324\217\203}{appendix.B}% 133
\BOOKMARK [2][-]{subsection.B.11}{\376\377\136\224\165\050\127\072\146\157}{appendix.B}% 134
\BOOKMARK [1][-]{appendix.C}{\376\377\172\013\136\217\116\073\211\201\116\343\170\001}{}% 135
\BOOKMARK [1][-]{appendix.C}{\376\377\226\104\137\125\000C\000\040\172\013\136\217\116\073\211\201\116\343\170\001}{}% 136
\BOOKMARK [2][-]{subsection.C.1}{\376\377\230\171\166\356\176\323\147\204}{appendix.C}% 137
\BOOKMARK [2][-]{subsection.C.2}{\376\377\116\073\211\201\117\235\215\126\136\223}{appendix.C}% 138
\BOOKMARK [2][-]{subsection.C.3}{\376\377\177\026\213\321\116\016\217\320\210\114}{appendix.C}% 139
\BOOKMARK [2][-]{subsection.C.4}{\376\377\150\070\137\303\173\227\154\325\133\236\163\260\211\201\160\271}{appendix.C}% 140
\BOOKMARK [3][-]{subsubsection.C.4.1}{\376\377\000Q\0001\000\040\000-\000\040\000F\000F\000T\230\221\214\061\122\006\147\220}{subsection.C.4}% 141
\BOOKMARK [3][-]{subsubsection.C.4.2}{\376\377\000Q\0002\000\040\000-\000\040\000B\000u\000t\000t\000e\000r\000w\000o\000r\000t\000h\156\344\154\342\126\150\213\276\213\241}{subsection.C.4}% 142
\BOOKMARK [3][-]{subsubsection.C.4.3}{\376\377\000Q\0003\000\040\000-\000\040\145\366\127\337\211\343\214\003}{subsection.C.4}% 143
\BOOKMARK [3][-]{subsubsection.C.4.4}{\376\377\000Q\0004\000\040\000-\000\040\230\221\127\337\211\343\214\003}{subsection.C.4}% 144
\BOOKMARK [2][-]{subsection.C.5}{\376\377\217\223\121\372\145\207\116\366\213\364\146\016}{appendix.C}% 145
\BOOKMARK [3][-]{subsubsection.C.5.1}{\376\377\000Q\0001\000\040\217\223\121\372\000\040\000\050\0005\116\052\145\207\116\366\000\051}{subsection.C.5}% 146
\BOOKMARK [3][-]{subsubsection.C.5.2}{\376\377\000Q\0002\000\040\217\223\121\372\000\040\000\050\0009\116\052\145\207\116\366\000\051}{subsection.C.5}% 147
\BOOKMARK [3][-]{subsubsection.C.5.3}{\376\377\000Q\0003\000\040\217\223\121\372\000\040\000\050\0007\116\052\145\207\116\366\000\051}{subsection.C.5}% 148
\BOOKMARK [3][-]{subsubsection.C.5.4}{\376\377\000Q\0004\000\040\217\223\121\372\000\040\000\050\0008\116\052\145\207\116\366\000\051}{subsection.C.5}% 149
\BOOKMARK [2][-]{subsection.C.6}{\376\377\133\214\145\164\156\220\116\343\170\001}{appendix.C}% 150
\BOOKMARK [3][-]{subsubsection.C.6.1}{\376\377\000Q\0001\000\040\000-\000\040\230\221\214\061\122\006\147\220\116\016\230\221\163\207\117\060\213\241}{subsection.C.6}% 151
\BOOKMARK [3][-]{subsubsection.C.6.2}{\376\377\000Q\0002\000\040\000-\000\040\000B\000u\000t\000t\000e\000r\000w\000o\000r\000t\000h\156\344\154\342\126\150\213\276\213\241}{subsection.C.6}% 152
\BOOKMARK [3][-]{subsubsection.C.6.3}{\376\377\000Q\0003\000\040\000-\000\040\145\366\127\337\211\343\214\003}{subsection.C.6}% 153
\BOOKMARK [3][-]{subsubsection.C.6.4}{\376\377\000Q\0004\000\040\000-\000\040\230\221\127\337\211\343\214\003}{subsection.C.6}% 154
